Determining if the pthread_create exist failed with the following output:
Change Dir: /home/tzeping/udacity/didi/openrepo/shapes/build/CMakeFiles/CMakeTmp

Run Build Command:/usr/bin/make "cmTryCompileExec3623472512/fast"
/usr/bin/make -f CMakeFiles/cmTryCompileExec3623472512.dir/build.make CMakeFiles/cmTryCompileExec3623472512.dir/build
make[1]: Entering directory `/home/tzeping/udacity/didi/openrepo/shapes/build/CMakeFiles/CMakeTmp'
/usr/bin/cmake -E cmake_progress_report /home/tzeping/udacity/didi/openrepo/shapes/build/CMakeFiles/CMakeTmp/CMakeFiles 1
Building C object CMakeFiles/cmTryCompileExec3623472512.dir/CheckSymbolExists.c.o
/usr/bin/cc    -o CMakeFiles/cmTryCompileExec3623472512.dir/CheckSymbolExists.c.o   -c /home/tzeping/udacity/didi/openrepo/shapes/build/CMakeFiles/CMakeTmp/CheckSymbolExists.c
Linking C executable cmTryCompileExec3623472512
/usr/bin/cmake -E cmake_link_script CMakeFiles/cmTryCompileExec3623472512.dir/link.txt --verbose=1
/usr/bin/cc       CMakeFiles/cmTryCompileExec3623472512.dir/CheckSymbolExists.c.o  -o cmTryCompileExec3623472512 -rdynamic 
CMakeFiles/cmTryCompileExec3623472512.dir/CheckSymbolExists.c.o: In function `main':
CheckSymbolExists.c:(.text+0x16): undefined reference to `pthread_create'
collect2: error: ld returned 1 exit status
make[1]: Leaving directory `/home/tzeping/udacity/didi/openrepo/shapes/build/CMakeFiles/CMakeTmp'
make[1]: *** [cmTryCompileExec3623472512] Error 1
make: *** [cmTryCompileExec3623472512/fast] Error 2

File /home/tzeping/udacity/didi/openrepo/shapes/build/CMakeFiles/CMakeTmp/CheckSymbolExists.c:
/* */
#include <pthread.h>

int main(int argc, char** argv)
{
  (void)argv;
#ifndef pthread_create
  return ((int*)(&pthread_create))[argc];
#else
  (void)argc;
  return 0;
#endif
}

Determining if the function pthread_create exists in the pthreads failed with the following output:
Change Dir: /home/tzeping/udacity/didi/openrepo/shapes/build/CMakeFiles/CMakeTmp

Run Build Command:/usr/bin/make "cmTryCompileExec774663520/fast"
/usr/bin/make -f CMakeFiles/cmTryCompileExec774663520.dir/build.make CMakeFiles/cmTryCompileExec774663520.dir/build
make[1]: Entering directory `/home/tzeping/udacity/didi/openrepo/shapes/build/CMakeFiles/CMakeTmp'
/usr/bin/cmake -E cmake_progress_report /home/tzeping/udacity/didi/openrepo/shapes/build/CMakeFiles/CMakeTmp/CMakeFiles 1
Building C object CMakeFiles/cmTryCompileExec774663520.dir/CheckFunctionExists.c.o
/usr/bin/cc   -DCHECK_FUNCTION_EXISTS=pthread_create   -o CMakeFiles/cmTryCompileExec774663520.dir/CheckFunctionExists.c.o   -c /usr/share/cmake-2.8/Modules/CheckFunctionExists.c
Linking C executable cmTryCompileExec774663520
/usr/bin/cmake -E cmake_link_script CMakeFiles/cmTryCompileExec774663520.dir/link.txt --verbose=1
/usr/bin/cc   -DCHECK_FUNCTION_EXISTS=pthread_create    CMakeFiles/cmTryCompileExec774663520.dir/CheckFunctionExists.c.o  -o cmTryCompileExec774663520 -rdynamic -lpthreads 
/usr/bin/ld: cannot find -lpthreads
collect2: error: ld returned 1 exit status
make[1]: Leaving directory `/home/tzeping/udacity/didi/openrepo/shapes/build/CMakeFiles/CMakeTmp'
make[1]: *** [cmTryCompileExec774663520] Error 1
make: *** [cmTryCompileExec774663520/fast] Error 2


